Using pre-set license
Built from '2021.3/release' branch; Version is '2021.3.38f1 (7a2fa5d8d101) revision 8007589'; Using compiler version '192829333'; Build Type 'Release'
OS: 'Windows 11  (10.0.22631) 64bit Core' Language: 'en' Physical Memory: 32682 MB
BatchMode: 1, IsHumanControllingUs: 0, StartBugReporterOnCrash: 0, Is64bit: 1, IsPro: 1

COMMAND LINE ARGUMENTS:
D:\Program Files\Unity\2021.3.38f1\Editor\Unity.exe
-adb2
-batchMode
-noUpm
-name
AssetImportWorker6
-projectPath
E:/Users/KJ/Documents/_Uni/VR/VR Logic Gate Project
-logFile
Logs/AssetImportWorker6.log
-srvPort
53986
Successfully changed project path to: E:/Users/KJ/Documents/_Uni/VR/VR Logic Gate Project
E:/Users/KJ/Documents/_Uni/VR/VR Logic Gate Project
[UnityMemory] Configuration Parameters - Can be set up in boot.config
    "memorysetup-bucket-allocator-granularity=16"
    "memorysetup-bucket-allocator-bucket-count=8"
    "memorysetup-bucket-allocator-block-size=33554432"
    "memorysetup-bucket-allocator-block-count=8"
    "memorysetup-main-allocator-block-size=16777216"
    "memorysetup-thread-allocator-block-size=16777216"
    "memorysetup-gfx-main-allocator-block-size=16777216"
    "memorysetup-gfx-thread-allocator-block-size=16777216"
    "memorysetup-cache-allocator-block-size=4194304"
    "memorysetup-typetree-allocator-block-size=2097152"
    "memorysetup-profiler-bucket-allocator-granularity=16"
    "memorysetup-profiler-bucket-allocator-bucket-count=8"
    "memorysetup-profiler-bucket-allocator-block-size=33554432"
    "memorysetup-profiler-bucket-allocator-block-count=8"
    "memorysetup-profiler-allocator-block-size=16777216"
    "memorysetup-profiler-editor-allocator-block-size=1048576"
    "memorysetup-temp-allocator-size-main=16777216"
    "memorysetup-job-temp-allocator-block-size=2097152"
    "memorysetup-job-temp-allocator-block-size-background=1048576"
    "memorysetup-job-temp-allocator-reduction-small-platforms=262144"
    "memorysetup-temp-allocator-size-background-worker=32768"
    "memorysetup-temp-allocator-size-job-worker=262144"
    "memorysetup-temp-allocator-size-preload-manager=33554432"
    "memorysetup-temp-allocator-size-nav-mesh-worker=65536"
    "memorysetup-temp-allocator-size-audio-worker=65536"
    "memorysetup-temp-allocator-size-cloud-worker=32768"
    "memorysetup-temp-allocator-size-gi-baking-worker=262144"
    "memorysetup-temp-allocator-size-gfx=262144"
Player connection [32964] Host "[IP] 192.168.0.32 [Port] 0 [Flags] 2 [Guid] 2747801167 [EditorId] 2747801167 [Version] 1048832 [Id] WindowsEditor(7,KJs-Desktop) [Debug] 1 [PackageName] WindowsEditor [ProjectName] Editor" joined multi-casting on [225.0.0.222:54997]...

Player connection [32964] Host "[IP] 192.168.0.32 [Port] 0 [Flags] 2 [Guid] 2747801167 [EditorId] 2747801167 [Version] 1048832 [Id] WindowsEditor(7,KJs-Desktop) [Debug] 1 [PackageName] WindowsEditor [ProjectName] Editor" joined alternative multi-casting on [225.0.0.222:34997]...

[Physics::Module] Initialized MultithreadedJobDispatcher with {0} workers.
Refreshing native plugins compatible for Editor in 53.70 ms, found 3 plugins.
Preloading 0 native plugins for Editor in 0.00 ms.
Initialize engine version: 2021.3.38f1 (7a2fa5d8d101)
[Subsystems] Discovering subsystems at path D:/Program Files/Unity/2021.3.38f1/Editor/Data/Resources/UnitySubsystems
[Subsystems] Discovering subsystems at path E:/Users/KJ/Documents/_Uni/VR/VR Logic Gate Project/Assets
GfxDevice: creating device client; threaded=0; jobified=0
Direct3D:
    Version:  Direct3D 11.0 [level 11.1]
    Renderer: NVIDIA GeForce GTX 1070 Ti (ID=0x1b82)
    Vendor:   NVIDIA
    VRAM:     8060 MB
    Driver:   32.0.15.6094
Initialize mono
Mono path[0] = 'D:/Program Files/Unity/2021.3.38f1/Editor/Data/Managed'
Mono path[1] = 'D:/Program Files/Unity/2021.3.38f1/Editor/Data/MonoBleedingEdge/lib/mono/unityjit-win32'
Mono config path = 'D:/Program Files/Unity/2021.3.38f1/Editor/Data/MonoBleedingEdge/etc'
Using monoOptions --debugger-agent=transport=dt_socket,embedding=1,server=y,suspend=n,address=127.0.0.1:56380
Begin MonoManager ReloadAssembly
Registering precompiled unity dll's ...
Register platform support module: D:/Program Files/Unity/2021.3.38f1/Editor/Data/PlaybackEngines/WindowsStandaloneSupport/UnityEditor.WindowsStandalone.Extensions.dll
Registered in 0.001550 seconds.
Native extension for WindowsStandalone target not found
Refreshing native plugins compatible for Editor in 67.69 ms, found 3 plugins.
Preloading 0 native plugins for Editor in 0.00 ms.
Mono: successfully reloaded assembly
- Completed reload, in  0.537 seconds
Domain Reload Profiling:
	ReloadAssembly (538ms)
		BeginReloadAssembly (87ms)
			ExecutionOrderSort (0ms)
			DisableScriptedObjects (0ms)
			BackupInstance (0ms)
			ReleaseScriptingObjects (0ms)
			CreateAndSetChildDomain (1ms)
		EndReloadAssembly (374ms)
			LoadAssemblies (86ms)
			RebuildTransferFunctionScriptingTraits (0ms)
			SetupTypeCache (84ms)
			ReleaseScriptCaches (0ms)
			RebuildScriptCaches (20ms)
			SetupLoadedEditorAssemblies (241ms)
				LogAssemblyErrors (0ms)
				InitializePlatformSupportModulesInManaged (5ms)
				SetLoadedEditorAssemblies (0ms)
				RefreshPlugins (68ms)
				BeforeProcessingInitializeOnLoad (1ms)
				ProcessInitializeOnLoadAttributes (127ms)
				ProcessInitializeOnLoadMethodAttributes (39ms)
				AfterProcessingInitializeOnLoad (0ms)
				EditorAssembliesLoaded (0ms)
			ExecutionOrderSort2 (0ms)
			AwakeInstancesAfterBackupRestoration (0ms)
Platform modules already initialized, skipping
Registering precompiled user dll's ...
Registered in 0.002819 seconds.
Begin MonoManager ReloadAssembly
Native extension for WindowsStandalone target not found
Refreshing native plugins compatible for Editor in 0.50 ms, found 3 plugins.
Preloading 0 native plugins for Editor in 0.00 ms.
Package Manager log level set to [2]
[Package Manager] Server::EnsureServerProcessIsRunning -- launch failed, reason: Unity was launched with the -noUpm command-line argument
[Package Manager] Cannot connect to Unity Package Manager local server
Mono: successfully reloaded assembly
- Completed reload, in  1.146 seconds
Domain Reload Profiling:
	ReloadAssembly (1146ms)
		BeginReloadAssembly (96ms)
			ExecutionOrderSort (0ms)
			DisableScriptedObjects (5ms)
			BackupInstance (0ms)
			ReleaseScriptingObjects (0ms)
			CreateAndSetChildDomain (16ms)
		EndReloadAssembly (976ms)
			LoadAssemblies (72ms)
			RebuildTransferFunctionScriptingTraits (0ms)
			SetupTypeCache (212ms)
			ReleaseScriptCaches (0ms)
			RebuildScriptCaches (39ms)
			SetupLoadedEditorAssemblies (639ms)
				LogAssemblyErrors (0ms)
				InitializePlatformSupportModulesInManaged (3ms)
				SetLoadedEditorAssemblies (0ms)
				RefreshPlugins (1ms)
				BeforeProcessingInitializeOnLoad (56ms)
				ProcessInitializeOnLoadAttributes (556ms)
				ProcessInitializeOnLoadMethodAttributes (21ms)
				AfterProcessingInitializeOnLoad (2ms)
				EditorAssembliesLoaded (0ms)
			ExecutionOrderSort2 (0ms)
			AwakeInstancesAfterBackupRestoration (5ms)
Platform modules already initialized, skipping
========================================================================
Worker process is ready to serve import requests
Launched and connected shader compiler UnityShaderCompiler.exe after 0.05 seconds
Refreshing native plugins compatible for Editor in 0.64 ms, found 3 plugins.
Preloading 0 native plugins for Editor in 0.00 ms.
Unloading 3085 Unused Serialized files (Serialized files now loaded: 0)
Unloading 24 unused Assets / (46.4 KB). Loaded Objects now: 3544.
Memory consumption went from 106.8 MB to 106.8 MB.
Total: 3.150600 ms (FindLiveObjects: 0.216400 ms CreateObjectMapping: 0.190400 ms MarkObjects: 2.669800 ms  DeleteObjects: 0.073100 ms)

AssetImportParameters requested are different than current active one (requested -> active):
  custom:video-decoder-ogg-theora: a1e56fd34408186e4bbccfd4996cb3dc -> 
  custom:container-muxer-webm: aa71ff27fc2769a1b78a27578f13a17b -> 
  custom:container-demuxer-webm: 4f35f7cbe854078d1ac9338744f61a02 -> 
  custom:video-encoder-webm-vp8: eb34c28f22e8b96e1ab97ce403110664 -> 
  custom:video-codec-MediaFoundation-h265: 746d11721c4dcdbdad8f713fa42b33f4 -> 
  custom:CustomObjectIndexerAttribute: bc11b3a6c3213fcdd17b65e7da85e133 -> 
  custom:audio-encoder-webm-vorbis: bf7c407c2cedff20999df2af8eb42d56 -> 
  custom:framework-win-MediaFoundation: 216162199b28c13a410421893ffa2e32 -> 
  custom:SearchIndexIgnoredProperties: e643bd26f0fe6173181afceb89e7c659 -> 
  custom:container-demuxer-ogg: 62fdf1f143b41e24485cea50d1cbac27 -> 
  custom:video-decoder-webm-vp8: 9c59270c3fd7afecdb556c50c9e8de78 -> 
  custom:audio-decoder-ogg-vorbis: bf7c407c2cedff20999df2af8eb42d56 -> 
========================================================================
Received Import Request.
  Time since last request: 12967.711729 seconds.
  path: Assets/Models/LogicGates_Pipe 1.fbx
  artifactKey: Guid(8475fdb99fa6a304183b33271a183637) Importer(815301076,1909f56bfc062723c751e8b465ee728b)
Number of updated assets reloaded before import = 0
Start importing Assets/Models/LogicGates_Pipe 1.fbx using Guid(8475fdb99fa6a304183b33271a183637) Importer(815301076,1909f56bfc062723c751e8b465ee728b)  -> (artifact id: '16b1fb38e65c46ffc407cba7937ff5f7') in 0.127696 seconds 
Number of asset objects unloaded after import = 7
========================================================================
Received Import Request.
  Time since last request: 7.006280 seconds.
  path: Assets/Models/LogicGates_Pipe-Bend.fbx
  artifactKey: Guid(7045f80f120913b4692a7c28bca3cf71) Importer(815301076,1909f56bfc062723c751e8b465ee728b)
Number of updated assets reloaded before import = 0
Start importing Assets/Models/LogicGates_Pipe-Bend.fbx using Guid(7045f80f120913b4692a7c28bca3cf71) Importer(815301076,1909f56bfc062723c751e8b465ee728b)  -> (artifact id: '03ee10af3a9ba00c9e6dd7066e982484') in 0.017089 seconds 
Number of asset objects unloaded after import = 7
========================================================================
Received Import Request.
  Time since last request: 0.000020 seconds.
  path: Assets/Models/LogicGates_Pipe.fbx
  artifactKey: Guid(abe5ecde46c421e4691282755ee7c14b) Importer(815301076,1909f56bfc062723c751e8b465ee728b)
Number of updated assets reloaded before import = 0
Start importing Assets/Models/LogicGates_Pipe.fbx using Guid(abe5ecde46c421e4691282755ee7c14b) Importer(815301076,1909f56bfc062723c751e8b465ee728b)  -> (artifact id: 'fc5d1884c44a7a35daeb10ac635684e7') in 0.036126 seconds 
Number of asset objects unloaded after import = 7
========================================================================
Received Import Request.
  Time since last request: 98.341846 seconds.
  path: Assets/Prefabs/Logic Gate.prefab
  artifactKey: Guid(985f0e961fab35b4081d806e669281cc) Importer(815301076,1909f56bfc062723c751e8b465ee728b)
Number of updated assets reloaded before import = 0
Start importing Assets/Prefabs/Logic Gate.prefab using Guid(985f0e961fab35b4081d806e669281cc) Importer(815301076,1909f56bfc062723c751e8b465ee728b)  -> (artifact id: 'f272f911fcb6c68a42dc3b3bd2cb2982') in 0.013061 seconds 
Number of asset objects unloaded after import = 15
========================================================================
Received Import Request.
  Time since last request: 592.069805 seconds.
  path: Assets/Prefabs/Pipe-Bend.prefab
  artifactKey: Guid(bd7523ed6a517ab4abeb78b7aa31a199) Importer(815301076,1909f56bfc062723c751e8b465ee728b)
Number of updated assets reloaded before import = 0
Start importing Assets/Prefabs/Pipe-Bend.prefab using Guid(bd7523ed6a517ab4abeb78b7aa31a199) Importer(815301076,1909f56bfc062723c751e8b465ee728b)  -> (artifact id: 'fdacbc81506b0698593856442d60c130') in 0.014621 seconds 
Number of asset objects unloaded after import = 9
========================================================================
Received Import Request.
  Time since last request: 0.000028 seconds.
  path: Assets/Prefabs/Switch.prefab
  artifactKey: Guid(8ea583b7b7213fa4c984a3e2ffadc6de) Importer(815301076,1909f56bfc062723c751e8b465ee728b)
Number of updated assets reloaded before import = 0
Start importing Assets/Prefabs/Switch.prefab using Guid(8ea583b7b7213fa4c984a3e2ffadc6de) Importer(815301076,1909f56bfc062723c751e8b465ee728b)  -> (artifact id: '21dc8e1131a89205a2db90550606e172') in 0.012194 seconds 
Number of asset objects unloaded after import = 15
========================================================================
Received Import Request.
  Time since last request: 0.000019 seconds.
  path: Assets/Prefabs/Pipe.prefab
  artifactKey: Guid(4efe82fd822b39b4690b4c5a5976f68a) Importer(815301076,1909f56bfc062723c751e8b465ee728b)
Number of updated assets reloaded before import = 0
Start importing Assets/Prefabs/Pipe.prefab using Guid(4efe82fd822b39b4690b4c5a5976f68a) Importer(815301076,1909f56bfc062723c751e8b465ee728b)  -> (artifact id: '73e00ec33345b57a04e56a76ce024629') in 0.014389 seconds 
Number of asset objects unloaded after import = 9
========================================================================
Received Import Request.
  Time since last request: 11.329530 seconds.
  path: Assets/Prefabs/Player.prefab
  artifactKey: Guid(5576047c2261f5b4cbef9967a561994c) Importer(815301076,1909f56bfc062723c751e8b465ee728b)
Number of updated assets reloaded before import = 0
Start importing Assets/Prefabs/Player.prefab using Guid(5576047c2261f5b4cbef9967a561994c) Importer(815301076,1909f56bfc062723c751e8b465ee728b)  -> (artifact id: '6efa0ab630387a90ca6809b8237c4124') in 0.012932 seconds 
Number of asset objects unloaded after import = 16
========================================================================
Received Import Request.
  Time since last request: 494.615091 seconds.
  path: Assets/Models/LogicGates_Logic_Gate.fbx
  artifactKey: Guid(122f29582e9c1bc45a723dcfb3c01e8f) Importer(815301076,1909f56bfc062723c751e8b465ee728b)
Number of updated assets reloaded before import = 0
Start importing Assets/Models/LogicGates_Logic_Gate.fbx using Guid(122f29582e9c1bc45a723dcfb3c01e8f) Importer(815301076,1909f56bfc062723c751e8b465ee728b)  -> (artifact id: 'e56fd2767c7769904db5dd317a6fbf53') in 0.037510 seconds 
Number of asset objects unloaded after import = 8
========================================================================
Received Import Request.
  Time since last request: 0.000056 seconds.
  path: Assets/Models/LogicGates_Pipe-Cross.fbx
  artifactKey: Guid(c7174ddef1dae9c409f538ffb81f5da0) Importer(815301076,1909f56bfc062723c751e8b465ee728b)
Number of updated assets reloaded before import = 0
Start importing Assets/Models/LogicGates_Pipe-Cross.fbx using Guid(c7174ddef1dae9c409f538ffb81f5da0) Importer(815301076,1909f56bfc062723c751e8b465ee728b)  -> (artifact id: 'd3c6becaf4f4cd8b7e928a69875c980b') in 0.012401 seconds 
Number of asset objects unloaded after import = 7
========================================================================
Received Import Request.
  Time since last request: 0.000024 seconds.
  path: Assets/Models/LogicGates_Switch.fbx
  artifactKey: Guid(7254f6f880a74584cbee46642516facd) Importer(815301076,1909f56bfc062723c751e8b465ee728b)
Number of updated assets reloaded before import = 0
Start importing Assets/Models/LogicGates_Switch.fbx using Guid(7254f6f880a74584cbee46642516facd) Importer(815301076,1909f56bfc062723c751e8b465ee728b)  -> (artifact id: 'a40a794b283827a8acff73aac267985d') in 0.014535 seconds 
Number of asset objects unloaded after import = 8
========================================================================
Received Import Request.
  Time since last request: 0.000024 seconds.
  path: Assets/Models/LogicGates_Pipe-T.fbx
  artifactKey: Guid(958b852cea5b3fb40b8d5cfed1230594) Importer(815301076,1909f56bfc062723c751e8b465ee728b)
Number of updated assets reloaded before import = 0
Start importing Assets/Models/LogicGates_Pipe-T.fbx using Guid(958b852cea5b3fb40b8d5cfed1230594) Importer(815301076,1909f56bfc062723c751e8b465ee728b)  -> (artifact id: 'b04ce4919248b3ab1de0dc6bc9c0624b') in 0.012412 seconds 
Number of asset objects unloaded after import = 7
========================================================================
Received Import Request.
  Time since last request: 0.000012 seconds.
  path: Assets/Models/LogicGates_Pipe.fbx
  artifactKey: Guid(abe5ecde46c421e4691282755ee7c14b) Importer(815301076,1909f56bfc062723c751e8b465ee728b)
Number of updated assets reloaded before import = 0
Start importing Assets/Models/LogicGates_Pipe.fbx using Guid(abe5ecde46c421e4691282755ee7c14b) Importer(815301076,1909f56bfc062723c751e8b465ee728b)  -> (artifact id: '74e61eab6b4d7df903f0815712de3b84') in 0.013575 seconds 
Number of asset objects unloaded after import = 7
Editor requested this worker to shutdown with reason: Scaling down because of idle timeout
AssetImportWorker is now disconnected from the server
Process exiting
Exiting without the bug reporter. Application will terminate with return code 0